<?xml version="1.0" encoding="UTF-8"?>
<!-- Generated by org.testng.reporters.JUnitXMLReporter -->
<testsuite hostname="MUNTASIR-BOCTC10" ignored="0" name="Default test" tests="4" failures="0" timestamp="2020-12-12T20:51:27 BDT" time="65.32" errors="0">
  <testcase name="LoginTest" time="5.635" classname="com.TestNG.DataProviderTest"/>
  <testcase name="LoginTest" time="5.453" classname="com.TestNG.DataProviderTest"/>
  <testcase name="LoginTest" time="5.564" classname="com.TestNG.DataProviderTest"/>
  <testcase name="demo" time="0.0" classname="com.TestNG.DataProviderTest"/>
</testsuite> <!-- Default test -->
