<?xml version="1.0" encoding="UTF-8"?>
<!-- Generated by org.testng.reporters.JUnitXMLReporter -->
<testsuite hostname="MUNTASIR-BOCTC10" ignored="2" name="Login Test 2" tests="4" failures="0" timestamp="2020-12-11T20:11:02 BDT" time="0.077" errors="0">
  <testcase name="Login1" time="0.001" classname="com.TestNG.TestNGDemo"/>
  <testcase name="Login2" time="0.009" classname="com.TestNG.TestNGDemo"/>
  <testcase name="Login4" time="0.002" classname="com.TestNG.TestNGDemo2"/>
  <testcase name="Login5" time="0.001" classname="com.TestNG.TestNGDemo2"/>
  <testcase name="Login6" time="0.0" classname="com.TestNG.TestNGDemo2">
    <ignored/>
  </testcase> <!-- Login6 -->
  <testcase name="Login3" time="0.0" classname="com.TestNG.TestNGDemo">
    <ignored/>
  </testcase> <!-- Login3 -->
</testsuite> <!-- Login Test 2 -->
